<?xml version="1.0" encoding="UTF-8"?>
<testsuite xmlns:xsi="http://www.w3.org/2001/XMLSchema-instance" xsi:noNamespaceSchemaLocation="https://maven.apache.org/surefire/maven-surefire-plugin/xsd/surefire-test-report.xsd" name="programmerzamannow.spring.core.BelajarSpringDasarApplicationTests" time="9.382" tests="1" errors="0" skipped="0" failures="0">
  <properties>
[...]
</properties>
  <testcase name="contextLoads" classname="programmerzamannow.spring.core.BelajarSpringDasarApplicationTests" time="2.027"/>
</testsuite>